<?xml version="1.0" encoding="UTF-8"?>
<coverage generated="1551817637982" clover="3.2.0">
  <project timestamp="1551817637982" name="All files">
    <metrics statements="116" coveredstatements="84" conditionals="59" coveredconditionals="55" methods="64" coveredmethods="41" elements="239" coveredelements="180" complexity="0" loc="116" ncloc="116" packages="6" files="16" classes="16">
      <package name="actions">
        <metrics statements="9" coveredstatements="9" conditionals="6" coveredconditionals="6" methods="8" coveredmethods="8"/>
        <file name="expenses.js" path="D:\Projects\React\AndrewMead\expensify-app\src\actions\expenses.js">
          <metrics statements="4" coveredstatements="4" conditionals="5" coveredconditionals="5" methods="3" coveredmethods="3"/>
          <line num="4" count="3" type="stmt"/>
          <line num="11" count="2" type="stmt"/>
          <line num="23" count="3" type="stmt"/>
          <line num="29" count="3" type="stmt"/>
        </file>
        <file name="filters.js" path="D:\Projects\React\AndrewMead\expensify-app\src\actions\filters.js">
          <metrics statements="5" coveredstatements="5" conditionals="1" coveredconditionals="1" methods="5" coveredmethods="5"/>
          <line num="2" count="2" type="cond" truecount="1" falsecount="0"/>
          <line num="7" count="2" type="stmt"/>
          <line num="12" count="2" type="stmt"/>
          <line num="17" count="2" type="stmt"/>
          <line num="23" count="2" type="stmt"/>
        </file>
      </package>
      <package name="components">
        <metrics statements="78" coveredstatements="46" conditionals="24" coveredconditionals="21" methods="49" coveredmethods="26"/>
        <file name="AddExpensePage.js" path="D:\Projects\React\AndrewMead\expensify-app\src\components\AddExpensePage.js">
          <metrics statements="12" coveredstatements="6" conditionals="0" coveredconditionals="0" methods="6" coveredmethods="2"/>
          <line num="8" count="1" type="stmt"/>
          <line num="10" count="1" type="stmt"/>
          <line num="11" count="1" type="stmt"/>
          <line num="15" count="2" type="stmt"/>
          <line num="26" count="1" type="stmt"/>
          <line num="27" count="0" type="stmt"/>
          <line num="28" count="0" type="stmt"/>
          <line num="36" count="1" type="stmt"/>
          <line num="37" count="0" type="stmt"/>
          <line num="41" count="0" type="stmt"/>
          <line num="43" count="0" type="stmt"/>
          <line num="44" count="0" type="stmt"/>
        </file>
        <file name="EditExpensePage.js" path="D:\Projects\React\AndrewMead\expensify-app\src\components\EditExpensePage.js">
          <metrics statements="19" coveredstatements="8" conditionals="0" coveredconditionals="0" methods="11" coveredmethods="3"/>
          <line num="8" count="1" type="stmt"/>
          <line num="9" count="1" type="stmt"/>
          <line num="12" count="1" type="stmt"/>
          <line num="13" count="1" type="stmt"/>
          <line num="17" count="3" type="stmt"/>
          <line num="29" count="1" type="stmt"/>
          <line num="30" count="0" type="stmt"/>
          <line num="31" count="0" type="stmt"/>
          <line num="35" count="1" type="stmt"/>
          <line num="36" count="0" type="stmt"/>
          <line num="37" count="0" type="stmt"/>
          <line num="38" count="0" type="stmt"/>
          <line num="47" count="1" type="stmt"/>
          <line num="48" count="0" type="stmt"/>
          <line num="53" count="0" type="stmt"/>
          <line num="54" count="0" type="stmt"/>
          <line num="58" count="0" type="stmt"/>
          <line num="59" count="0" type="stmt"/>
          <line num="60" count="0" type="stmt"/>
        </file>
        <file name="ExpenseDashBoardPage.js" path="D:\Projects\React\AndrewMead\expensify-app\src\components\ExpenseDashBoardPage.js">
          <metrics statements="2" coveredstatements="2" conditionals="0" coveredconditionals="0" methods="1" coveredmethods="1"/>
          <line num="5" count="1" type="stmt"/>
          <line num="6" count="1" type="stmt"/>
        </file>
        <file name="ExpenseForm.js" path="D:\Projects\React\AndrewMead\expensify-app\src\components\ExpenseForm.js">
          <metrics statements="20" coveredstatements="19" conditionals="20" coveredconditionals="19" methods="16" coveredmethods="15"/>
          <line num="5" count="3" type="stmt"/>
          <line num="10" count="10" type="stmt"/>
          <line num="12" count="10" type="stmt"/>
          <line num="22" count="1" type="stmt"/>
          <line num="23" count="1" type="stmt"/>
          <line num="26" count="1" type="stmt"/>
          <line num="27" count="1" type="stmt"/>
          <line num="30" count="2" type="stmt"/>
          <line num="37" count="2" type="cond" truecount="4" falsecount="0"/>
          <line num="38" count="1" type="stmt"/>
          <line num="42" count="1" type="cond" truecount="1" falsecount="1"/>
          <line num="43" count="1" type="stmt"/>
          <line num="47" count="1" type="stmt"/>
          <line num="50" count="2" type="stmt"/>
          <line num="52" count="2" type="cond" truecount="4" falsecount="0"/>
          <line num="53" count="1" type="stmt"/>
          <line num="55" count="1" type="stmt"/>
          <line num="56" count="1" type="stmt"/>
          <line num="65" count="17" type="stmt"/>
          <line num="89" count="0" type="stmt"/>
        </file>
        <file name="ExpenseList.js" path="D:\Projects\React\AndrewMead\expensify-app\src\components\ExpenseList.js">
          <metrics statements="5" coveredstatements="4" conditionals="2" coveredconditionals="2" methods="3" coveredmethods="2"/>
          <line num="6" count="2" type="stmt"/>
          <line num="7" count="2" type="stmt"/>
          <line num="13" count="3" type="stmt"/>
          <line num="20" count="2" type="stmt"/>
          <line num="21" count="0" type="stmt"/>
        </file>
        <file name="ExpenseListFilters.js" path="D:\Projects\React\AndrewMead\expensify-app\src\components\ExpenseListFilters.js">
          <metrics statements="14" coveredstatements="1" conditionals="2" coveredconditionals="0" methods="9" coveredmethods="0"/>
          <line num="12" count="0" type="stmt"/>
          <line num="13" count="0" type="stmt"/>
          <line num="17" count="0" type="stmt"/>
          <line num="21" count="0" type="stmt"/>
          <line num="24" count="0" type="stmt"/>
          <line num="27" count="0" type="stmt"/>
          <line num="33" count="0" type="cond" truecount="0" falsecount="2"/>
          <line num="35" count="0" type="stmt"/>
          <line num="36" count="0" type="stmt"/>
          <line num="38" count="0" type="stmt"/>
          <line num="39" count="0" type="stmt"/>
          <line num="53" count="0" type="stmt"/>
          <line num="60" count="1" type="stmt"/>
          <line num="61" count="0" type="stmt"/>
        </file>
        <file name="ExpenseListItem.js" path="D:\Projects\React\AndrewMead\expensify-app\src\components\ExpenseListItem.js">
          <metrics statements="2" coveredstatements="2" conditionals="0" coveredconditionals="0" methods="1" coveredmethods="1"/>
          <line num="4" count="3" type="stmt"/>
          <line num="5" count="1" type="stmt"/>
        </file>
        <file name="Header.js" path="D:\Projects\React\AndrewMead\expensify-app\src\components\Header.js">
          <metrics statements="2" coveredstatements="2" conditionals="0" coveredconditionals="0" methods="1" coveredmethods="1"/>
          <line num="4" count="1" type="stmt"/>
          <line num="5" count="1" type="stmt"/>
        </file>
        <file name="NotFoundPage.js" path="D:\Projects\React\AndrewMead\expensify-app\src\components\NotFoundPage.js">
          <metrics statements="2" coveredstatements="2" conditionals="0" coveredconditionals="0" methods="1" coveredmethods="1"/>
          <line num="4" count="1" type="stmt"/>
          <line num="5" count="1" type="stmt"/>
        </file>
      </package>
      <package name="reducers">
        <metrics statements="17" coveredstatements="17" conditionals="14" coveredconditionals="14" methods="4" coveredmethods="4"/>
        <file name="expenses.js" path="D:\Projects\React\AndrewMead\expensify-app\src\reducers\expenses.js">
          <metrics statements="9" coveredstatements="9" conditionals="7" coveredconditionals="7" methods="3" coveredmethods="3"/>
          <line num="1" count="1" type="stmt"/>
          <line num="4" count="8" type="cond" truecount="4" falsecount="0"/>
          <line num="6" count="1" type="stmt"/>
          <line num="11" count="6" type="stmt"/>
          <line num="13" count="4" type="stmt"/>
          <line num="14" count="12" type="cond" truecount="2" falsecount="0"/>
          <line num="15" count="2" type="stmt"/>
          <line num="20" count="10" type="stmt"/>
          <line num="24" count="1" type="stmt"/>
        </file>
        <file name="filters.js" path="D:\Projects\React\AndrewMead\expensify-app\src\reducers\filters.js">
          <metrics statements="8" coveredstatements="8" conditionals="7" coveredconditionals="7" methods="1" coveredmethods="1"/>
          <line num="5" count="1" type="stmt"/>
          <line num="13" count="6" type="cond" truecount="6" falsecount="0"/>
          <line num="15" count="1" type="stmt"/>
          <line num="20" count="1" type="stmt"/>
          <line num="25" count="1" type="stmt"/>
          <line num="30" count="1" type="stmt"/>
          <line num="35" count="1" type="stmt"/>
          <line num="40" count="1" type="stmt"/>
        </file>
      </package>
      <package name="selectors">
        <metrics statements="11" coveredstatements="11" conditionals="15" coveredconditionals="14" methods="3" coveredmethods="3"/>
        <file name="expenses.js" path="D:\Projects\React\AndrewMead\expensify-app\src\selectors\expenses.js">
          <metrics statements="11" coveredstatements="11" conditionals="15" coveredconditionals="14" methods="3" coveredmethods="3"/>
          <line num="5" count="3" type="stmt"/>
          <line num="6" count="5" type="stmt"/>
          <line num="12" count="15" type="stmt"/>
          <line num="13" count="15" type="cond" truecount="2" falsecount="0"/>
          <line num="14" count="15" type="cond" truecount="2" falsecount="0"/>
          <line num="15" count="15" type="stmt"/>
          <line num="17" count="15" type="cond" truecount="3" falsecount="0"/>
          <line num="19" count="9" type="cond" truecount="2" falsecount="0"/>
          <line num="20" count="6" type="cond" truecount="2" falsecount="0"/>
          <line num="21" count="3" type="cond" truecount="1" falsecount="1"/>
          <line num="22" count="3" type="cond" truecount="2" falsecount="0"/>
        </file>
      </package>
      <package name="tests">
        <metrics statements="1" coveredstatements="1" conditionals="0" coveredconditionals="0" methods="0" coveredmethods="0"/>
        <file name="setupTests.js" path="D:\Projects\React\AndrewMead\expensify-app\src\tests\setupTests.js">
          <metrics statements="1" coveredstatements="1" conditionals="0" coveredconditionals="0" methods="0" coveredmethods="0"/>
          <line num="4" count="14" type="stmt"/>
        </file>
      </package>
      <package name="tests.fixtures">
        <metrics statements="0" coveredstatements="0" conditionals="0" coveredconditionals="0" methods="0" coveredmethods="0"/>
        <file name="expenses.js" path="D:\Projects\React\AndrewMead\expensify-app\src\tests\fixtures\expenses.js">
          <metrics statements="0" coveredstatements="0" conditionals="0" coveredconditionals="0" methods="0" coveredmethods="0"/>
        </file>
      </package>
    </metrics>
  </project>
</coverage>
