{"D:\\Projects\\React\\AndrewMead\\expensify-app\\src\\actions\\expenses.js": {"path":"D:\\Projects\\React\\AndrewMead\\expensify-app\\src\\actions\\expenses.js","statementMap":{"0":{"start":{"line":4,"column":26},"end":{"line":20,"column":2}},"1":{"start":{"line":11,"column":8},"end":{"line":20,"column":1}},"2":{"start":{"line":23,"column":29},"end":{"line":26,"column":2}},"3":{"start":{"line":23,"column":40},"end":{"line":26,"column":1}},"4":{"start":{"line":29,"column":27},"end":{"line":33,"column":2}},"5":{"start":{"line":29,"column":45},"end":{"line":33,"column":1}}},"fnMap":{"0":{"name":"(anonymous_0)","decl":{"start":{"line":4,"column":26},"end":{"line":4,"column":27}},"loc":{"start":{"line":11,"column":8},"end":{"line":20,"column":1}},"line":11},"1":{"name":"(anonymous_1)","decl":{"start":{"line":23,"column":29},"end":{"line":23,"column":30}},"loc":{"start":{"line":23,"column":40},"end":{"line":26,"column":1}},"line":23},"2":{"name":"(anonymous_2)","decl":{"start":{"line":29,"column":27},"end":{"line":29,"column":28}},"loc":{"start":{"line":29,"column":45},"end":{"line":33,"column":1}},"line":29}},"branchMap":{"0":{"loc":{"start":{"line":5,"column":2},"end":{"line":10,"column":8}},"type":"default-arg","locations":[{"start":{"line":10,"column":6},"end":{"line":10,"column":8}}],"line":5},"1":{"loc":{"start":{"line":6,"column":4},"end":{"line":6,"column":20}},"type":"default-arg","locations":[{"start":{"line":6,"column":18},"end":{"line":6,"column":20}}],"line":6},"2":{"loc":{"start":{"line":7,"column":4},"end":{"line":7,"column":13}},"type":"default-arg","locations":[{"start":{"line":7,"column":11},"end":{"line":7,"column":13}}],"line":7},"3":{"loc":{"start":{"line":8,"column":4},"end":{"line":8,"column":14}},"type":"default-arg","locations":[{"start":{"line":8,"column":13},"end":{"line":8,"column":14}}],"line":8},"4":{"loc":{"start":{"line":9,"column":4},"end":{"line":9,"column":17}},"type":"default-arg","locations":[{"start":{"line":9,"column":16},"end":{"line":9,"column":17}}],"line":9}},"s":{"0":3,"1":2,"2":3,"3":1,"4":3,"5":1},"f":{"0":2,"1":1,"2":1},"b":{"0":[1],"1":[1],"2":[1],"3":[1],"4":[1]},"_coverageSchema":"332fd63041d2c1bcb487cc26dd0d5f7d97098a6c","hash":"821bf707b36545a35052be290b01426648acf385"}
,"D:\\Projects\\React\\AndrewMead\\expensify-app\\src\\actions\\filters.js": {"path":"D:\\Projects\\React\\AndrewMead\\expensify-app\\src\\actions\\filters.js","statementMap":{"0":{"start":{"line":2,"column":29},"end":{"line":5,"column":2}},"1":{"start":{"line":2,"column":45},"end":{"line":5,"column":1}},"2":{"start":{"line":7,"column":26},"end":{"line":9,"column":2}},"3":{"start":{"line":7,"column":33},"end":{"line":9,"column":1}},"4":{"start":{"line":12,"column":28},"end":{"line":14,"column":2}},"5":{"start":{"line":12,"column":35},"end":{"line":14,"column":1}},"6":{"start":{"line":17,"column":28},"end":{"line":20,"column":2}},"7":{"start":{"line":17,"column":46},"end":{"line":20,"column":1}},"8":{"start":{"line":23,"column":26},"end":{"line":26,"column":2}},"9":{"start":{"line":23,"column":42},"end":{"line":26,"column":1}}},"fnMap":{"0":{"name":"(anonymous_0)","decl":{"start":{"line":2,"column":29},"end":{"line":2,"column":30}},"loc":{"start":{"line":2,"column":45},"end":{"line":5,"column":1}},"line":2},"1":{"name":"(anonymous_1)","decl":{"start":{"line":7,"column":26},"end":{"line":7,"column":27}},"loc":{"start":{"line":7,"column":33},"end":{"line":9,"column":1}},"line":7},"2":{"name":"(anonymous_2)","decl":{"start":{"line":12,"column":28},"end":{"line":12,"column":29}},"loc":{"start":{"line":12,"column":35},"end":{"line":14,"column":1}},"line":12},"3":{"name":"(anonymous_3)","decl":{"start":{"line":17,"column":28},"end":{"line":17,"column":29}},"loc":{"start":{"line":17,"column":46},"end":{"line":20,"column":1}},"line":17},"4":{"name":"(anonymous_4)","decl":{"start":{"line":23,"column":26},"end":{"line":23,"column":27}},"loc":{"start":{"line":23,"column":42},"end":{"line":26,"column":1}},"line":23}},"branchMap":{"0":{"loc":{"start":{"line":2,"column":30},"end":{"line":2,"column":39}},"type":"default-arg","locations":[{"start":{"line":2,"column":37},"end":{"line":2,"column":39}}],"line":2}},"s":{"0":2,"1":2,"2":2,"3":1,"4":2,"5":1,"6":2,"7":1,"8":2,"9":1},"f":{"0":2,"1":1,"2":1,"3":1,"4":1},"b":{"0":[1]},"_coverageSchema":"332fd63041d2c1bcb487cc26dd0d5f7d97098a6c","hash":"f3e07eb695ce83d0ed90a73b1f43fe48e85b9bd2"}
,"D:\\Projects\\React\\AndrewMead\\expensify-app\\src\\components\\AddExpensePage.js": {"path":"D:\\Projects\\React\\AndrewMead\\expensify-app\\src\\components\\AddExpensePage.js","statementMap":{"0":{"start":{"line":8,"column":4},"end":{"line":8,"column":24}},"1":{"start":{"line":10,"column":4},"end":{"line":10,"column":35}},"2":{"start":{"line":11,"column":4},"end":{"line":11,"column":33}},"3":{"start":{"line":15,"column":4},"end":{"line":22,"column":6}},"4":{"start":{"line":26,"column":27},"end":{"line":30,"column":1}},"5":{"start":{"line":27,"column":2},"end":{"line":29,"column":3}},"6":{"start":{"line":28,"column":29},"end":{"line":28,"column":58}},"7":{"start":{"line":36,"column":27},"end":{"line":48,"column":1}},"8":{"start":{"line":37,"column":2},"end":{"line":47,"column":8}},"9":{"start":{"line":41,"column":8},"end":{"line":41,"column":28}},"10":{"start":{"line":43,"column":8},"end":{"line":43,"column":34}},"11":{"start":{"line":44,"column":8},"end":{"line":44,"column":32}}},"fnMap":{"0":{"name":"(anonymous_0)","decl":{"start":{"line":7,"column":13},"end":{"line":7,"column":14}},"loc":{"start":{"line":7,"column":26},"end":{"line":12,"column":3}},"line":7},"1":{"name":"(anonymous_1)","decl":{"start":{"line":14,"column":2},"end":{"line":14,"column":3}},"loc":{"start":{"line":14,"column":10},"end":{"line":23,"column":3}},"line":14},"2":{"name":"(anonymous_2)","decl":{"start":{"line":26,"column":27},"end":{"line":26,"column":28}},"loc":{"start":{"line":26,"column":41},"end":{"line":30,"column":1}},"line":26},"3":{"name":"(anonymous_3)","decl":{"start":{"line":28,"column":16},"end":{"line":28,"column":17}},"loc":{"start":{"line":28,"column":29},"end":{"line":28,"column":58}},"line":28},"4":{"name":"(anonymous_4)","decl":{"start":{"line":36,"column":27},"end":{"line":36,"column":28}},"loc":{"start":{"line":37,"column":2},"end":{"line":47,"column":8}},"line":37},"5":{"name":"(anonymous_5)","decl":{"start":{"line":40,"column":16},"end":{"line":40,"column":17}},"loc":{"start":{"line":40,"column":29},"end":{"line":45,"column":7}},"line":40}},"branchMap":{},"s":{"0":1,"1":1,"2":1,"3":2,"4":1,"5":0,"6":0,"7":1,"8":0,"9":0,"10":0,"11":0},"f":{"0":1,"1":2,"2":0,"3":0,"4":0,"5":0},"b":{},"_coverageSchema":"332fd63041d2c1bcb487cc26dd0d5f7d97098a6c","hash":"af686d79bbaa3757003e267e902036d1d1163072"}
,"D:\\Projects\\React\\AndrewMead\\expensify-app\\src\\components\\EditExpensePage.js": {"path":"D:\\Projects\\React\\AndrewMead\\expensify-app\\src\\components\\EditExpensePage.js","statementMap":{"0":{"start":{"line":8,"column":4},"end":{"line":8,"column":59}},"1":{"start":{"line":9,"column":4},"end":{"line":9,"column":32}},"2":{"start":{"line":12,"column":4},"end":{"line":12,"column":58}},"3":{"start":{"line":13,"column":4},"end":{"line":13,"column":32}},"4":{"start":{"line":17,"column":4},"end":{"line":25,"column":5}},"5":{"start":{"line":29,"column":24},"end":{"line":33,"column":1}},"6":{"start":{"line":30,"column":2},"end":{"line":32,"column":3}},"7":{"start":{"line":31,"column":46},"end":{"line":31,"column":82}},"8":{"start":{"line":35,"column":27},"end":{"line":40,"column":1}},"9":{"start":{"line":36,"column":2},"end":{"line":39,"column":3}},"10":{"start":{"line":37,"column":34},"end":{"line":37,"column":68}},"11":{"start":{"line":38,"column":29},"end":{"line":38,"column":58}},"12":{"start":{"line":47,"column":28},"end":{"line":63,"column":2}},"13":{"start":{"line":48,"column":2},"end":{"line":63,"column":1}},"14":{"start":{"line":53,"column":8},"end":{"line":53,"column":63}},"15":{"start":{"line":54,"column":8},"end":{"line":54,"column":31}},"16":{"start":{"line":58,"column":6},"end":{"line":58,"column":28}},"17":{"start":{"line":59,"column":6},"end":{"line":59,"column":60}},"18":{"start":{"line":60,"column":6},"end":{"line":60,"column":29}}},"fnMap":{"0":{"name":"(anonymous_0)","decl":{"start":{"line":7,"column":13},"end":{"line":7,"column":14}},"loc":{"start":{"line":7,"column":26},"end":{"line":10,"column":3}},"line":7},"1":{"name":"(anonymous_1)","decl":{"start":{"line":11,"column":23},"end":{"line":11,"column":24}},"loc":{"start":{"line":11,"column":29},"end":{"line":14,"column":3}},"line":11},"2":{"name":"(anonymous_2)","decl":{"start":{"line":16,"column":2},"end":{"line":16,"column":3}},"loc":{"start":{"line":16,"column":11},"end":{"line":26,"column":3}},"line":16},"3":{"name":"(anonymous_3)","decl":{"start":{"line":29,"column":24},"end":{"line":29,"column":25}},"loc":{"start":{"line":29,"column":42},"end":{"line":33,"column":1}},"line":29},"4":{"name":"(anonymous_4)","decl":{"start":{"line":31,"column":33},"end":{"line":31,"column":34}},"loc":{"start":{"line":31,"column":46},"end":{"line":31,"column":82}},"line":31},"5":{"name":"(anonymous_5)","decl":{"start":{"line":35,"column":27},"end":{"line":35,"column":28}},"loc":{"start":{"line":35,"column":48},"end":{"line":40,"column":1}},"line":35},"6":{"name":"(anonymous_6)","decl":{"start":{"line":37,"column":17},"end":{"line":37,"column":18}},"loc":{"start":{"line":37,"column":34},"end":{"line":37,"column":68}},"line":37},"7":{"name":"(anonymous_7)","decl":{"start":{"line":38,"column":19},"end":{"line":38,"column":20}},"loc":{"start":{"line":38,"column":29},"end":{"line":38,"column":58}},"line":38},"8":{"name":"(anonymous_8)","decl":{"start":{"line":47,"column":28},"end":{"line":47,"column":29}},"loc":{"start":{"line":47,"column":39},"end":{"line":63,"column":2}},"line":47},"9":{"name":"(anonymous_9)","decl":{"start":{"line":52,"column":16},"end":{"line":52,"column":17}},"loc":{"start":{"line":52,"column":29},"end":{"line":55,"column":7}},"line":52},"10":{"name":"(anonymous_10)","decl":{"start":{"line":57,"column":21},"end":{"line":57,"column":22}},"loc":{"start":{"line":57,"column":27},"end":{"line":61,"column":5}},"line":57}},"branchMap":{},"s":{"0":1,"1":1,"2":1,"3":1,"4":3,"5":1,"6":0,"7":0,"8":1,"9":0,"10":0,"11":0,"12":1,"13":0,"14":0,"15":0,"16":0,"17":0,"18":0},"f":{"0":1,"1":1,"2":3,"3":0,"4":0,"5":0,"6":0,"7":0,"8":0,"9":0,"10":0},"b":{},"_coverageSchema":"332fd63041d2c1bcb487cc26dd0d5f7d97098a6c","hash":"0c6cfa7a82be56ddd475305d184132b73dee4755"}
,"D:\\Projects\\React\\AndrewMead\\expensify-app\\src\\components\\ExpenseDashBoardPage.js": {"path":"D:\\Projects\\React\\AndrewMead\\expensify-app\\src\\components\\ExpenseDashBoardPage.js","statementMap":{"0":{"start":{"line":5,"column":29},"end":{"line":10,"column":1}},"1":{"start":{"line":6,"column":2},"end":{"line":9,"column":8}}},"fnMap":{"0":{"name":"(anonymous_0)","decl":{"start":{"line":5,"column":29},"end":{"line":5,"column":30}},"loc":{"start":{"line":6,"column":2},"end":{"line":9,"column":8}},"line":6}},"branchMap":{},"s":{"0":1,"1":1},"f":{"0":1},"b":{},"_coverageSchema":"332fd63041d2c1bcb487cc26dd0d5f7d97098a6c","hash":"92e9c52446fae28533894e8b3fb7225a6019f023"}
,"D:\\Projects\\React\\AndrewMead\\expensify-app\\src\\components\\ExpenseForm.js": {"path":"D:\\Projects\\React\\AndrewMead\\expensify-app\\src\\components\\ExpenseForm.js","statementMap":{"0":{"start":{"line":5,"column":12},"end":{"line":5,"column":20}},"1":{"start":{"line":10,"column":4},"end":{"line":10,"column":17}},"2":{"start":{"line":12,"column":4},"end":{"line":19,"column":5}},"3":{"start":{"line":22,"column":24},"end":{"line":22,"column":38}},"4":{"start":{"line":23,"column":4},"end":{"line":23,"column":43}},"5":{"start":{"line":23,"column":26},"end":{"line":23,"column":41}},"6":{"start":{"line":26,"column":17},"end":{"line":26,"column":31}},"7":{"start":{"line":27,"column":4},"end":{"line":27,"column":36}},"8":{"start":{"line":27,"column":26},"end":{"line":27,"column":34}},"9":{"start":{"line":30,"column":19},"end":{"line":30,"column":33}},"10":{"start":{"line":37,"column":4},"end":{"line":39,"column":5}},"11":{"start":{"line":38,"column":6},"end":{"line":38,"column":40}},"12":{"start":{"line":38,"column":27},"end":{"line":38,"column":37}},"13":{"start":{"line":42,"column":4},"end":{"line":44,"column":5}},"14":{"start":{"line":43,"column":6},"end":{"line":43,"column":43}},"15":{"start":{"line":43,"column":27},"end":{"line":43,"column":40}},"16":{"start":{"line":47,"column":4},"end":{"line":47,"column":54}},"17":{"start":{"line":47,"column":25},"end":{"line":47,"column":52}},"18":{"start":{"line":50,"column":4},"end":{"line":50,"column":23}},"19":{"start":{"line":52,"column":4},"end":{"line":62,"column":5}},"20":{"start":{"line":53,"column":6},"end":{"line":53,"column":78}},"21":{"start":{"line":53,"column":27},"end":{"line":53,"column":76}},"22":{"start":{"line":55,"column":6},"end":{"line":55,"column":40}},"23":{"start":{"line":55,"column":27},"end":{"line":55,"column":38}},"24":{"start":{"line":56,"column":6},"end":{"line":61,"column":8}},"25":{"start":{"line":65,"column":4},"end":{"line":101,"column":5}},"26":{"start":{"line":89,"column":34},"end":{"line":89,"column":39}}},"fnMap":{"0":{"name":"(anonymous_0)","decl":{"start":{"line":9,"column":2},"end":{"line":9,"column":3}},"loc":{"start":{"line":9,"column":21},"end":{"line":20,"column":3}},"line":9},"1":{"name":"(anonymous_1)","decl":{"start":{"line":21,"column":24},"end":{"line":21,"column":25}},"loc":{"start":{"line":21,"column":31},"end":{"line":24,"column":3}},"line":21},"2":{"name":"(anonymous_2)","decl":{"start":{"line":23,"column":19},"end":{"line":23,"column":20}},"loc":{"start":{"line":23,"column":26},"end":{"line":23,"column":41}},"line":23},"3":{"name":"(anonymous_3)","decl":{"start":{"line":25,"column":17},"end":{"line":25,"column":18}},"loc":{"start":{"line":25,"column":24},"end":{"line":28,"column":3}},"line":25},"4":{"name":"(anonymous_4)","decl":{"start":{"line":27,"column":19},"end":{"line":27,"column":20}},"loc":{"start":{"line":27,"column":26},"end":{"line":27,"column":34}},"line":27},"5":{"name":"(anonymous_5)","decl":{"start":{"line":29,"column":19},"end":{"line":29,"column":20}},"loc":{"start":{"line":29,"column":26},"end":{"line":40,"column":3}},"line":29},"6":{"name":"(anonymous_6)","decl":{"start":{"line":38,"column":20},"end":{"line":38,"column":21}},"loc":{"start":{"line":38,"column":27},"end":{"line":38,"column":37}},"line":38},"7":{"name":"(anonymous_7)","decl":{"start":{"line":41,"column":17},"end":{"line":41,"column":18}},"loc":{"start":{"line":41,"column":32},"end":{"line":45,"column":3}},"line":41},"8":{"name":"(anonymous_8)","decl":{"start":{"line":43,"column":20},"end":{"line":43,"column":21}},"loc":{"start":{"line":43,"column":27},"end":{"line":43,"column":40}},"line":43},"9":{"name":"(anonymous_9)","decl":{"start":{"line":46,"column":18},"end":{"line":46,"column":19}},"loc":{"start":{"line":46,"column":35},"end":{"line":48,"column":3}},"line":46},"10":{"name":"(anonymous_10)","decl":{"start":{"line":47,"column":18},"end":{"line":47,"column":19}},"loc":{"start":{"line":47,"column":25},"end":{"line":47,"column":52}},"line":47},"11":{"name":"(anonymous_11)","decl":{"start":{"line":49,"column":13},"end":{"line":49,"column":14}},"loc":{"start":{"line":49,"column":20},"end":{"line":63,"column":3}},"line":49},"12":{"name":"(anonymous_12)","decl":{"start":{"line":53,"column":20},"end":{"line":53,"column":21}},"loc":{"start":{"line":53,"column":27},"end":{"line":53,"column":76}},"line":53},"13":{"name":"(anonymous_13)","decl":{"start":{"line":55,"column":20},"end":{"line":55,"column":21}},"loc":{"start":{"line":55,"column":27},"end":{"line":55,"column":38}},"line":55},"14":{"name":"(anonymous_14)","decl":{"start":{"line":64,"column":2},"end":{"line":64,"column":3}},"loc":{"start":{"line":64,"column":11},"end":{"line":102,"column":3}},"line":64},"15":{"name":"(anonymous_15)","decl":{"start":{"line":89,"column":28},"end":{"line":89,"column":29}},"loc":{"start":{"line":89,"column":34},"end":{"line":89,"column":39}},"line":89}},"branchMap":{"0":{"loc":{"start":{"line":13,"column":19},"end":{"line":13,"column":65}},"type":"cond-expr","locations":[{"start":{"line":13,"column":35},"end":{"line":13,"column":60}},{"start":{"line":13,"column":63},"end":{"line":13,"column":65}}],"line":13},"1":{"loc":{"start":{"line":14,"column":12},"end":{"line":14,"column":51}},"type":"cond-expr","locations":[{"start":{"line":14,"column":28},"end":{"line":14,"column":46}},{"start":{"line":14,"column":49},"end":{"line":14,"column":51}}],"line":14},"2":{"loc":{"start":{"line":15,"column":14},"end":{"line":15,"column":74}},"type":"cond-expr","locations":[{"start":{"line":15,"column":30},"end":{"line":15,"column":69}},{"start":{"line":15,"column":72},"end":{"line":15,"column":74}}],"line":15},"3":{"loc":{"start":{"line":16,"column":17},"end":{"line":16,"column":75}},"type":"cond-expr","locations":[{"start":{"line":16,"column":33},"end":{"line":16,"column":64}},{"start":{"line":16,"column":67},"end":{"line":16,"column":75}}],"line":16},"4":{"loc":{"start":{"line":37,"column":4},"end":{"line":39,"column":5}},"type":"if","locations":[{"start":{"line":37,"column":4},"end":{"line":39,"column":5}},{"start":{"line":37,"column":4},"end":{"line":39,"column":5}}],"line":37},"5":{"loc":{"start":{"line":37,"column":8},"end":{"line":37,"column":55}},"type":"binary-expr","locations":[{"start":{"line":37,"column":8},"end":{"line":37,"column":15}},{"start":{"line":37,"column":19},"end":{"line":37,"column":55}}],"line":37},"6":{"loc":{"start":{"line":42,"column":4},"end":{"line":44,"column":5}},"type":"if","locations":[{"start":{"line":42,"column":4},"end":{"line":44,"column":5}},{"start":{"line":42,"column":4},"end":{"line":44,"column":5}}],"line":42},"7":{"loc":{"start":{"line":52,"column":4},"end":{"line":62,"column":5}},"type":"if","locations":[{"start":{"line":52,"column":4},"end":{"line":62,"column":5}},{"start":{"line":52,"column":4},"end":{"line":62,"column":5}}],"line":52},"8":{"loc":{"start":{"line":52,"column":8},"end":{"line":52,"column":53}},"type":"binary-expr","locations":[{"start":{"line":52,"column":8},"end":{"line":52,"column":31}},{"start":{"line":52,"column":35},"end":{"line":52,"column":53}}],"line":52},"9":{"loc":{"start":{"line":67,"column":9},"end":{"line":67,"column":54}},"type":"binary-expr","locations":[{"start":{"line":67,"column":9},"end":{"line":67,"column":25}},{"start":{"line":67,"column":29},"end":{"line":67,"column":54}}],"line":67}},"s":{"0":3,"1":10,"2":10,"3":1,"4":1,"5":1,"6":1,"7":1,"8":1,"9":2,"10":2,"11":1,"12":1,"13":1,"14":1,"15":1,"16":1,"17":1,"18":2,"19":2,"20":1,"21":1,"22":1,"23":1,"24":1,"25":17,"26":0},"f":{"0":10,"1":1,"2":1,"3":1,"4":1,"5":2,"6":1,"7":1,"8":1,"9":1,"10":1,"11":2,"12":1,"13":1,"14":17,"15":0},"b":{"0":[2,8],"1":[2,8],"2":[2,8],"3":[2,8],"4":[1,1],"5":[2,2],"6":[1,0],"7":[1,1],"8":[2,1],"9":[17,1]},"_coverageSchema":"332fd63041d2c1bcb487cc26dd0d5f7d97098a6c","hash":"50dddf34ae71017ea00154e784f64deacf1d4d91"}
,"D:\\Projects\\React\\AndrewMead\\expensify-app\\src\\components\\ExpenseList.js": {"path":"D:\\Projects\\React\\AndrewMead\\expensify-app\\src\\components\\ExpenseList.js","statementMap":{"0":{"start":{"line":6,"column":27},"end":{"line":18,"column":1}},"1":{"start":{"line":7,"column":2},"end":{"line":17,"column":8}},"2":{"start":{"line":13,"column":10},"end":{"line":13,"column":59}},"3":{"start":{"line":20,"column":24},"end":{"line":26,"column":1}},"4":{"start":{"line":21,"column":2},"end":{"line":25,"column":3}}},"fnMap":{"0":{"name":"(anonymous_0)","decl":{"start":{"line":6,"column":27},"end":{"line":6,"column":28}},"loc":{"start":{"line":7,"column":2},"end":{"line":17,"column":8}},"line":7},"1":{"name":"(anonymous_1)","decl":{"start":{"line":12,"column":28},"end":{"line":12,"column":29}},"loc":{"start":{"line":13,"column":10},"end":{"line":13,"column":59}},"line":13},"2":{"name":"(anonymous_2)","decl":{"start":{"line":20,"column":24},"end":{"line":20,"column":25}},"loc":{"start":{"line":20,"column":35},"end":{"line":26,"column":1}},"line":20}},"branchMap":{"0":{"loc":{"start":{"line":9,"column":6},"end":{"line":15,"column":7}},"type":"cond-expr","locations":[{"start":{"line":10,"column":8},"end":{"line":10,"column":26}},{"start":{"line":12,"column":8},"end":{"line":14,"column":10}}],"line":9}},"s":{"0":2,"1":2,"2":3,"3":2,"4":0},"f":{"0":2,"1":3,"2":0},"b":{"0":[1,1]},"_coverageSchema":"332fd63041d2c1bcb487cc26dd0d5f7d97098a6c","hash":"34fe87645ff70a5ff4fbb36a7867bfa31796ceae"}
,"D:\\Projects\\React\\AndrewMead\\expensify-app\\src\\components\\ExpenseListFilters.js": {"path":"D:\\Projects\\React\\AndrewMead\\expensify-app\\src\\components\\ExpenseListFilters.js","statementMap":{"0":{"start":{"line":12,"column":4},"end":{"line":12,"column":49}},"1":{"start":{"line":13,"column":4},"end":{"line":13,"column":45}},"2":{"start":{"line":17,"column":4},"end":{"line":17,"column":47}},"3":{"start":{"line":17,"column":25},"end":{"line":17,"column":44}},"4":{"start":{"line":21,"column":4},"end":{"line":56,"column":5}},"5":{"start":{"line":24,"column":10},"end":{"line":24,"column":61}},"6":{"start":{"line":27,"column":10},"end":{"line":27,"column":49}},"7":{"start":{"line":33,"column":12},"end":{"line":40,"column":11}},"8":{"start":{"line":35,"column":16},"end":{"line":35,"column":49}},"9":{"start":{"line":36,"column":16},"end":{"line":36,"column":22}},"10":{"start":{"line":38,"column":16},"end":{"line":38,"column":52}},"11":{"start":{"line":39,"column":16},"end":{"line":39,"column":22}},"12":{"start":{"line":53,"column":32},"end":{"line":53,"column":37}},"13":{"start":{"line":60,"column":24},"end":{"line":64,"column":1}},"14":{"start":{"line":61,"column":2},"end":{"line":63,"column":3}}},"fnMap":{"0":{"name":"(anonymous_0)","decl":{"start":{"line":11,"column":18},"end":{"line":11,"column":19}},"loc":{"start":{"line":11,"column":45},"end":{"line":14,"column":3}},"line":11},"1":{"name":"(anonymous_1)","decl":{"start":{"line":16,"column":18},"end":{"line":16,"column":19}},"loc":{"start":{"line":16,"column":39},"end":{"line":18,"column":3}},"line":16},"2":{"name":"(anonymous_2)","decl":{"start":{"line":17,"column":18},"end":{"line":17,"column":19}},"loc":{"start":{"line":17,"column":25},"end":{"line":17,"column":44}},"line":17},"3":{"name":"(anonymous_3)","decl":{"start":{"line":20,"column":2},"end":{"line":20,"column":3}},"loc":{"start":{"line":20,"column":11},"end":{"line":57,"column":3}},"line":20},"4":{"name":"(anonymous_4)","decl":{"start":{"line":23,"column":69},"end":{"line":23,"column":70}},"loc":{"start":{"line":23,"column":76},"end":{"line":25,"column":9}},"line":23},"5":{"name":"(anonymous_5)","decl":{"start":{"line":26,"column":25},"end":{"line":26,"column":26}},"loc":{"start":{"line":26,"column":31},"end":{"line":27,"column":50}},"line":26},"6":{"name":"(anonymous_6)","decl":{"start":{"line":32,"column":20},"end":{"line":32,"column":21}},"loc":{"start":{"line":32,"column":27},"end":{"line":41,"column":9}},"line":32},"7":{"name":"(anonymous_7)","decl":{"start":{"line":53,"column":26},"end":{"line":53,"column":27}},"loc":{"start":{"line":53,"column":32},"end":{"line":53,"column":37}},"line":53},"8":{"name":"(anonymous_8)","decl":{"start":{"line":60,"column":24},"end":{"line":60,"column":25}},"loc":{"start":{"line":60,"column":35},"end":{"line":64,"column":1}},"line":60}},"branchMap":{"0":{"loc":{"start":{"line":33,"column":12},"end":{"line":40,"column":11}},"type":"switch","locations":[{"start":{"line":34,"column":14},"end":{"line":36,"column":22}},{"start":{"line":37,"column":14},"end":{"line":39,"column":22}}],"line":33}},"s":{"0":0,"1":0,"2":0,"3":0,"4":0,"5":0,"6":0,"7":0,"8":0,"9":0,"10":0,"11":0,"12":0,"13":1,"14":0},"f":{"0":0,"1":0,"2":0,"3":0,"4":0,"5":0,"6":0,"7":0,"8":0},"b":{"0":[0,0]},"_coverageSchema":"332fd63041d2c1bcb487cc26dd0d5f7d97098a6c","hash":"b7850db7cd98ef11291c9895e87267d679fd2e7d"}
,"D:\\Projects\\React\\AndrewMead\\expensify-app\\src\\components\\ExpenseListItem.js": {"path":"D:\\Projects\\React\\AndrewMead\\expensify-app\\src\\components\\ExpenseListItem.js","statementMap":{"0":{"start":{"line":4,"column":24},"end":{"line":11,"column":1}},"1":{"start":{"line":5,"column":2},"end":{"line":10,"column":8}}},"fnMap":{"0":{"name":"(anonymous_0)","decl":{"start":{"line":4,"column":24},"end":{"line":4,"column":25}},"loc":{"start":{"line":5,"column":2},"end":{"line":10,"column":8}},"line":5}},"branchMap":{},"s":{"0":3,"1":1},"f":{"0":1},"b":{},"_coverageSchema":"332fd63041d2c1bcb487cc26dd0d5f7d97098a6c","hash":"aa31faf82d692b05e136e971e63b087c399aecf2"}
,"D:\\Projects\\React\\AndrewMead\\expensify-app\\src\\components\\Header.js": {"path":"D:\\Projects\\React\\AndrewMead\\expensify-app\\src\\components\\Header.js","statementMap":{"0":{"start":{"line":4,"column":15},"end":{"line":11,"column":1}},"1":{"start":{"line":5,"column":2},"end":{"line":10,"column":11}}},"fnMap":{"0":{"name":"(anonymous_0)","decl":{"start":{"line":4,"column":15},"end":{"line":4,"column":16}},"loc":{"start":{"line":5,"column":2},"end":{"line":10,"column":11}},"line":5}},"branchMap":{},"s":{"0":1,"1":1},"f":{"0":1},"b":{},"_coverageSchema":"332fd63041d2c1bcb487cc26dd0d5f7d97098a6c","hash":"9ee508d147b1f0d1274c06bb8a6168910e052d63"}
,"D:\\Projects\\React\\AndrewMead\\expensify-app\\src\\components\\NotFoundPage.js": {"path":"D:\\Projects\\React\\AndrewMead\\expensify-app\\src\\components\\NotFoundPage.js","statementMap":{"0":{"start":{"line":4,"column":21},"end":{"line":8,"column":1}},"1":{"start":{"line":5,"column":2},"end":{"line":7,"column":8}}},"fnMap":{"0":{"name":"(anonymous_0)","decl":{"start":{"line":4,"column":21},"end":{"line":4,"column":22}},"loc":{"start":{"line":5,"column":2},"end":{"line":7,"column":8}},"line":5}},"branchMap":{},"s":{"0":1,"1":1},"f":{"0":1},"b":{},"_coverageSchema":"332fd63041d2c1bcb487cc26dd0d5f7d97098a6c","hash":"823cc5755a2b5b4be51662ccdd70ea358e2f301d"}
,"D:\\Projects\\React\\AndrewMead\\expensify-app\\src\\reducers\\expenses.js": {"path":"D:\\Projects\\React\\AndrewMead\\expensify-app\\src\\reducers\\expenses.js","statementMap":{"0":{"start":{"line":1,"column":36},"end":{"line":1,"column":38}},"1":{"start":{"line":4,"column":2},"end":{"line":25,"column":3}},"2":{"start":{"line":6,"column":6},"end":{"line":9,"column":8}},"3":{"start":{"line":11,"column":6},"end":{"line":11,"column":58}},"4":{"start":{"line":11,"column":35},"end":{"line":11,"column":56}},"5":{"start":{"line":13,"column":6},"end":{"line":22,"column":8}},"6":{"start":{"line":14,"column":8},"end":{"line":21,"column":9}},"7":{"start":{"line":15,"column":10},"end":{"line":18,"column":11}},"8":{"start":{"line":20,"column":10},"end":{"line":20,"column":22}},"9":{"start":{"line":24,"column":6},"end":{"line":24,"column":19}}},"fnMap":{"0":{"name":"(anonymous_0)","decl":{"start":{"line":3,"column":15},"end":{"line":3,"column":16}},"loc":{"start":{"line":3,"column":64},"end":{"line":26,"column":1}},"line":3},"1":{"name":"(anonymous_1)","decl":{"start":{"line":11,"column":27},"end":{"line":11,"column":28}},"loc":{"start":{"line":11,"column":35},"end":{"line":11,"column":56}},"line":11},"2":{"name":"(anonymous_2)","decl":{"start":{"line":13,"column":24},"end":{"line":13,"column":25}},"loc":{"start":{"line":13,"column":32},"end":{"line":22,"column":7}},"line":13}},"branchMap":{"0":{"loc":{"start":{"line":3,"column":16},"end":{"line":3,"column":51}},"type":"default-arg","locations":[{"start":{"line":3,"column":24},"end":{"line":3,"column":51}}],"line":3},"1":{"loc":{"start":{"line":4,"column":2},"end":{"line":25,"column":3}},"type":"switch","locations":[{"start":{"line":5,"column":4},"end":{"line":9,"column":8}},{"start":{"line":10,"column":4},"end":{"line":11,"column":58}},{"start":{"line":12,"column":4},"end":{"line":22,"column":8}},{"start":{"line":23,"column":4},"end":{"line":24,"column":19}}],"line":4},"2":{"loc":{"start":{"line":14,"column":8},"end":{"line":21,"column":9}},"type":"if","locations":[{"start":{"line":14,"column":8},"end":{"line":21,"column":9}},{"start":{"line":14,"column":8},"end":{"line":21,"column":9}}],"line":14}},"s":{"0":1,"1":8,"2":1,"3":2,"4":6,"5":4,"6":12,"7":2,"8":10,"9":1},"f":{"0":8,"1":6,"2":12},"b":{"0":[1],"1":[1,2,4,1],"2":[2,10]},"_coverageSchema":"332fd63041d2c1bcb487cc26dd0d5f7d97098a6c","hash":"2d1cab6aa6f68d610fb0ed8c3b5b0eca1e312a2b"}
,"D:\\Projects\\React\\AndrewMead\\expensify-app\\src\\reducers\\filters.js": {"path":"D:\\Projects\\React\\AndrewMead\\expensify-app\\src\\reducers\\filters.js","statementMap":{"0":{"start":{"line":5,"column":35},"end":{"line":10,"column":1}},"1":{"start":{"line":13,"column":2},"end":{"line":41,"column":3}},"2":{"start":{"line":15,"column":6},"end":{"line":18,"column":7}},"3":{"start":{"line":20,"column":6},"end":{"line":23,"column":7}},"4":{"start":{"line":25,"column":6},"end":{"line":28,"column":7}},"5":{"start":{"line":30,"column":6},"end":{"line":33,"column":7}},"6":{"start":{"line":35,"column":6},"end":{"line":38,"column":7}},"7":{"start":{"line":40,"column":6},"end":{"line":40,"column":19}}},"fnMap":{"0":{"name":"(anonymous_0)","decl":{"start":{"line":12,"column":15},"end":{"line":12,"column":16}},"loc":{"start":{"line":12,"column":63},"end":{"line":42,"column":1}},"line":12}},"branchMap":{"0":{"loc":{"start":{"line":12,"column":16},"end":{"line":12,"column":50}},"type":"default-arg","locations":[{"start":{"line":12,"column":24},"end":{"line":12,"column":50}}],"line":12},"1":{"loc":{"start":{"line":13,"column":2},"end":{"line":41,"column":3}},"type":"switch","locations":[{"start":{"line":14,"column":4},"end":{"line":18,"column":7}},{"start":{"line":19,"column":4},"end":{"line":23,"column":7}},{"start":{"line":24,"column":4},"end":{"line":28,"column":7}},{"start":{"line":29,"column":4},"end":{"line":33,"column":7}},{"start":{"line":34,"column":4},"end":{"line":38,"column":7}},{"start":{"line":39,"column":4},"end":{"line":40,"column":19}}],"line":13}},"s":{"0":1,"1":6,"2":1,"3":1,"4":1,"5":1,"6":1,"7":1},"f":{"0":6},"b":{"0":[5],"1":[1,1,1,1,1,1]},"_coverageSchema":"332fd63041d2c1bcb487cc26dd0d5f7d97098a6c","hash":"044bb3aea3298501edc3e263eb67ddd5fc0d38ce"}
,"D:\\Projects\\React\\AndrewMead\\expensify-app\\src\\selectors\\expenses.js": {"path":"D:\\Projects\\React\\AndrewMead\\expensify-app\\src\\selectors\\expenses.js","statementMap":{"0":{"start":{"line":5,"column":26},"end":{"line":25,"column":1}},"1":{"start":{"line":6,"column":2},"end":{"line":24,"column":4}},"2":{"start":{"line":12,"column":28},"end":{"line":12,"column":53}},"3":{"start":{"line":13,"column":27},"end":{"line":13,"column":94}},"4":{"start":{"line":14,"column":25},"end":{"line":14,"column":87}},"5":{"start":{"line":15,"column":22},"end":{"line":15,"column":84}},"6":{"start":{"line":17,"column":4},"end":{"line":17,"column":55}},"7":{"start":{"line":19,"column":4},"end":{"line":23,"column":5}},"8":{"start":{"line":20,"column":6},"end":{"line":20,"column":48}},"9":{"start":{"line":21,"column":11},"end":{"line":23,"column":5}},"10":{"start":{"line":22,"column":6},"end":{"line":22,"column":42}}},"fnMap":{"0":{"name":"(anonymous_0)","decl":{"start":{"line":5,"column":26},"end":{"line":5,"column":27}},"loc":{"start":{"line":5,"column":76},"end":{"line":25,"column":1}},"line":5},"1":{"name":"(anonymous_1)","decl":{"start":{"line":6,"column":25},"end":{"line":6,"column":26}},"loc":{"start":{"line":6,"column":38},"end":{"line":18,"column":3}},"line":6},"2":{"name":"(anonymous_2)","decl":{"start":{"line":18,"column":10},"end":{"line":18,"column":11}},"loc":{"start":{"line":18,"column":20},"end":{"line":24,"column":3}},"line":18}},"branchMap":{"0":{"loc":{"start":{"line":13,"column":27},"end":{"line":13,"column":94}},"type":"cond-expr","locations":[{"start":{"line":13,"column":39},"end":{"line":13,"column":87}},{"start":{"line":13,"column":90},"end":{"line":13,"column":94}}],"line":13},"1":{"loc":{"start":{"line":14,"column":25},"end":{"line":14,"column":87}},"type":"cond-expr","locations":[{"start":{"line":14,"column":35},"end":{"line":14,"column":80}},{"start":{"line":14,"column":83},"end":{"line":14,"column":87}}],"line":14},"2":{"loc":{"start":{"line":17,"column":11},"end":{"line":17,"column":54}},"type":"binary-expr","locations":[{"start":{"line":17,"column":11},"end":{"line":17,"column":25}},{"start":{"line":17,"column":29},"end":{"line":17,"column":41}},{"start":{"line":17,"column":45},"end":{"line":17,"column":54}}],"line":17},"3":{"loc":{"start":{"line":19,"column":4},"end":{"line":23,"column":5}},"type":"if","locations":[{"start":{"line":19,"column":4},"end":{"line":23,"column":5}},{"start":{"line":19,"column":4},"end":{"line":23,"column":5}}],"line":19},"4":{"loc":{"start":{"line":20,"column":13},"end":{"line":20,"column":47}},"type":"cond-expr","locations":[{"start":{"line":20,"column":41},"end":{"line":20,"column":42}},{"start":{"line":20,"column":45},"end":{"line":20,"column":47}}],"line":20},"5":{"loc":{"start":{"line":21,"column":11},"end":{"line":23,"column":5}},"type":"if","locations":[{"start":{"line":21,"column":11},"end":{"line":23,"column":5}},{"start":{"line":21,"column":11},"end":{"line":23,"column":5}}],"line":21},"6":{"loc":{"start":{"line":22,"column":13},"end":{"line":22,"column":41}},"type":"cond-expr","locations":[{"start":{"line":22,"column":35},"end":{"line":22,"column":36}},{"start":{"line":22,"column":39},"end":{"line":22,"column":41}}],"line":22}},"s":{"0":3,"1":5,"2":15,"3":15,"4":15,"5":15,"6":15,"7":9,"8":6,"9":3,"10":3},"f":{"0":5,"1":15,"2":9},"b":{"0":[3,12],"1":[3,12],"2":[15,14,13],"3":[6,3],"4":[4,2],"5":[3,0],"6":[2,1]},"_coverageSchema":"332fd63041d2c1bcb487cc26dd0d5f7d97098a6c","hash":"661e1ee83bf15c81a8e89a24446cab0b5444c01c"}
,"D:\\Projects\\React\\AndrewMead\\expensify-app\\src\\tests\\setupTests.js": {"path":"D:\\Projects\\React\\AndrewMead\\expensify-app\\src\\tests\\setupTests.js","statementMap":{"0":{"start":{"line":4,"column":0},"end":{"line":6,"column":3}}},"fnMap":{},"branchMap":{},"s":{"0":14},"f":{},"b":{},"_coverageSchema":"332fd63041d2c1bcb487cc26dd0d5f7d97098a6c","hash":"ce326b41b04a4be4f2481d92ca5b3b846e24268e"}
,"D:\\Projects\\React\\AndrewMead\\expensify-app\\src\\tests\\fixtures\\expenses.js": {"path":"D:\\Projects\\React\\AndrewMead\\expensify-app\\src\\tests\\fixtures\\expenses.js","statementMap":{},"fnMap":{},"branchMap":{},"s":{},"f":{},"b":{},"_coverageSchema":"332fd63041d2c1bcb487cc26dd0d5f7d97098a6c","hash":"7241b381b509f341b066c5f971535d5d5ea5c1e4"}
}
