TN:
SF:D:\Projects\React\AndrewMead\expensify-app\src\actions\expenses.js
FN:4,(anonymous_0)
FN:23,(anonymous_1)
FN:29,(anonymous_2)
FNF:3
FNH:3
FNDA:2,(anonymous_0)
FNDA:1,(anonymous_1)
FNDA:1,(anonymous_2)
DA:4,3
DA:11,2
DA:23,3
DA:29,3
LF:4
LH:4
BRDA:5,0,0,1
BRDA:6,1,0,1
BRDA:7,2,0,1
BRDA:8,3,0,1
BRDA:9,4,0,1
BRF:5
BRH:5
end_of_record
TN:
SF:D:\Projects\React\AndrewMead\expensify-app\src\actions\filters.js
FN:2,(anonymous_0)
FN:7,(anonymous_1)
FN:12,(anonymous_2)
FN:17,(anonymous_3)
FN:23,(anonymous_4)
FNF:5
FNH:5
FNDA:2,(anonymous_0)
FNDA:1,(anonymous_1)
FNDA:1,(anonymous_2)
FNDA:1,(anonymous_3)
FNDA:1,(anonymous_4)
DA:2,2
DA:7,2
DA:12,2
DA:17,2
DA:23,2
LF:5
LH:5
BRDA:2,0,0,1
BRF:1
BRH:1
end_of_record
TN:
SF:D:\Projects\React\AndrewMead\expensify-app\src\components\AddExpensePage.js
FN:7,(anonymous_0)
FN:14,(anonymous_1)
FN:26,(anonymous_2)
FN:28,(anonymous_3)
FN:36,(anonymous_4)
FN:40,(anonymous_5)
FNF:6
FNH:2
FNDA:1,(anonymous_0)
FNDA:2,(anonymous_1)
FNDA:0,(anonymous_2)
FNDA:0,(anonymous_3)
FNDA:0,(anonymous_4)
FNDA:0,(anonymous_5)
DA:8,1
DA:10,1
DA:11,1
DA:15,2
DA:26,1
DA:27,0
DA:28,0
DA:36,1
DA:37,0
DA:41,0
DA:43,0
DA:44,0
LF:12
LH:6
BRF:0
BRH:0
end_of_record
TN:
SF:D:\Projects\React\AndrewMead\expensify-app\src\components\EditExpensePage.js
FN:7,(anonymous_0)
FN:11,(anonymous_1)
FN:16,(anonymous_2)
FN:29,(anonymous_3)
FN:31,(anonymous_4)
FN:35,(anonymous_5)
FN:37,(anonymous_6)
FN:38,(anonymous_7)
FN:47,(anonymous_8)
FN:52,(anonymous_9)
FN:57,(anonymous_10)
FNF:11
FNH:3
FNDA:1,(anonymous_0)
FNDA:1,(anonymous_1)
FNDA:3,(anonymous_2)
FNDA:0,(anonymous_3)
FNDA:0,(anonymous_4)
FNDA:0,(anonymous_5)
FNDA:0,(anonymous_6)
FNDA:0,(anonymous_7)
FNDA:0,(anonymous_8)
FNDA:0,(anonymous_9)
FNDA:0,(anonymous_10)
DA:8,1
DA:9,1
DA:12,1
DA:13,1
DA:17,3
DA:29,1
DA:30,0
DA:31,0
DA:35,1
DA:36,0
DA:37,0
DA:38,0
DA:47,1
DA:48,0
DA:53,0
DA:54,0
DA:58,0
DA:59,0
DA:60,0
LF:19
LH:8
BRF:0
BRH:0
end_of_record
TN:
SF:D:\Projects\React\AndrewMead\expensify-app\src\components\ExpenseDashBoardPage.js
FN:5,(anonymous_0)
FNF:1
FNH:1
FNDA:1,(anonymous_0)
DA:5,1
DA:6,1
LF:2
LH:2
BRF:0
BRH:0
end_of_record
TN:
SF:D:\Projects\React\AndrewMead\expensify-app\src\components\ExpenseForm.js
FN:9,(anonymous_0)
FN:21,(anonymous_1)
FN:23,(anonymous_2)
FN:25,(anonymous_3)
FN:27,(anonymous_4)
FN:29,(anonymous_5)
FN:38,(anonymous_6)
FN:41,(anonymous_7)
FN:43,(anonymous_8)
FN:46,(anonymous_9)
FN:47,(anonymous_10)
FN:49,(anonymous_11)
FN:53,(anonymous_12)
FN:55,(anonymous_13)
FN:64,(anonymous_14)
FN:89,(anonymous_15)
FNF:16
FNH:15
FNDA:10,(anonymous_0)
FNDA:1,(anonymous_1)
FNDA:1,(anonymous_2)
FNDA:1,(anonymous_3)
FNDA:1,(anonymous_4)
FNDA:2,(anonymous_5)
FNDA:1,(anonymous_6)
FNDA:1,(anonymous_7)
FNDA:1,(anonymous_8)
FNDA:1,(anonymous_9)
FNDA:1,(anonymous_10)
FNDA:2,(anonymous_11)
FNDA:1,(anonymous_12)
FNDA:1,(anonymous_13)
FNDA:17,(anonymous_14)
FNDA:0,(anonymous_15)
DA:5,3
DA:10,10
DA:12,10
DA:22,1
DA:23,1
DA:26,1
DA:27,1
DA:30,2
DA:37,2
DA:38,1
DA:42,1
DA:43,1
DA:47,1
DA:50,2
DA:52,2
DA:53,1
DA:55,1
DA:56,1
DA:65,17
DA:89,0
LF:20
LH:19
BRDA:13,0,0,2
BRDA:13,0,1,8
BRDA:14,1,0,2
BRDA:14,1,1,8
BRDA:15,2,0,2
BRDA:15,2,1,8
BRDA:16,3,0,2
BRDA:16,3,1,8
BRDA:37,4,0,1
BRDA:37,4,1,1
BRDA:37,5,0,2
BRDA:37,5,1,2
BRDA:42,6,0,1
BRDA:42,6,1,0
BRDA:52,7,0,1
BRDA:52,7,1,1
BRDA:52,8,0,2
BRDA:52,8,1,1
BRDA:67,9,0,17
BRDA:67,9,1,1
BRF:20
BRH:19
end_of_record
TN:
SF:D:\Projects\React\AndrewMead\expensify-app\src\components\ExpenseList.js
FN:6,(anonymous_0)
FN:12,(anonymous_1)
FN:20,(anonymous_2)
FNF:3
FNH:2
FNDA:2,(anonymous_0)
FNDA:3,(anonymous_1)
FNDA:0,(anonymous_2)
DA:6,2
DA:7,2
DA:13,3
DA:20,2
DA:21,0
LF:5
LH:4
BRDA:9,0,0,1
BRDA:9,0,1,1
BRF:2
BRH:2
end_of_record
TN:
SF:D:\Projects\React\AndrewMead\expensify-app\src\components\ExpenseListFilters.js
FN:11,(anonymous_0)
FN:16,(anonymous_1)
FN:17,(anonymous_2)
FN:20,(anonymous_3)
FN:23,(anonymous_4)
FN:26,(anonymous_5)
FN:32,(anonymous_6)
FN:53,(anonymous_7)
FN:60,(anonymous_8)
FNF:9
FNH:0
FNDA:0,(anonymous_0)
FNDA:0,(anonymous_1)
FNDA:0,(anonymous_2)
FNDA:0,(anonymous_3)
FNDA:0,(anonymous_4)
FNDA:0,(anonymous_5)
FNDA:0,(anonymous_6)
FNDA:0,(anonymous_7)
FNDA:0,(anonymous_8)
DA:12,0
DA:13,0
DA:17,0
DA:21,0
DA:24,0
DA:27,0
DA:33,0
DA:35,0
DA:36,0
DA:38,0
DA:39,0
DA:53,0
DA:60,1
DA:61,0
LF:14
LH:1
BRDA:33,0,0,0
BRDA:33,0,1,0
BRF:2
BRH:0
end_of_record
TN:
SF:D:\Projects\React\AndrewMead\expensify-app\src\components\ExpenseListItem.js
FN:4,(anonymous_0)
FNF:1
FNH:1
FNDA:1,(anonymous_0)
DA:4,3
DA:5,1
LF:2
LH:2
BRF:0
BRH:0
end_of_record
TN:
SF:D:\Projects\React\AndrewMead\expensify-app\src\components\Header.js
FN:4,(anonymous_0)
FNF:1
FNH:1
FNDA:1,(anonymous_0)
DA:4,1
DA:5,1
LF:2
LH:2
BRF:0
BRH:0
end_of_record
TN:
SF:D:\Projects\React\AndrewMead\expensify-app\src\components\NotFoundPage.js
FN:4,(anonymous_0)
FNF:1
FNH:1
FNDA:1,(anonymous_0)
DA:4,1
DA:5,1
LF:2
LH:2
BRF:0
BRH:0
end_of_record
TN:
SF:D:\Projects\React\AndrewMead\expensify-app\src\reducers\expenses.js
FN:3,(anonymous_0)
FN:11,(anonymous_1)
FN:13,(anonymous_2)
FNF:3
FNH:3
FNDA:8,(anonymous_0)
FNDA:6,(anonymous_1)
FNDA:12,(anonymous_2)
DA:1,1
DA:4,8
DA:6,1
DA:11,6
DA:13,4
DA:14,12
DA:15,2
DA:20,10
DA:24,1
LF:9
LH:9
BRDA:3,0,0,1
BRDA:4,1,0,1
BRDA:4,1,1,2
BRDA:4,1,2,4
BRDA:4,1,3,1
BRDA:14,2,0,2
BRDA:14,2,1,10
BRF:7
BRH:7
end_of_record
TN:
SF:D:\Projects\React\AndrewMead\expensify-app\src\reducers\filters.js
FN:12,(anonymous_0)
FNF:1
FNH:1
FNDA:6,(anonymous_0)
DA:5,1
DA:13,6
DA:15,1
DA:20,1
DA:25,1
DA:30,1
DA:35,1
DA:40,1
LF:8
LH:8
BRDA:12,0,0,5
BRDA:13,1,0,1
BRDA:13,1,1,1
BRDA:13,1,2,1
BRDA:13,1,3,1
BRDA:13,1,4,1
BRDA:13,1,5,1
BRF:7
BRH:7
end_of_record
TN:
SF:D:\Projects\React\AndrewMead\expensify-app\src\selectors\expenses.js
FN:5,(anonymous_0)
FN:6,(anonymous_1)
FN:18,(anonymous_2)
FNF:3
FNH:3
FNDA:5,(anonymous_0)
FNDA:15,(anonymous_1)
FNDA:9,(anonymous_2)
DA:5,3
DA:6,5
DA:12,15
DA:13,15
DA:14,15
DA:15,15
DA:17,15
DA:19,9
DA:20,6
DA:21,3
DA:22,3
LF:11
LH:11
BRDA:13,0,0,3
BRDA:13,0,1,12
BRDA:14,1,0,3
BRDA:14,1,1,12
BRDA:17,2,0,15
BRDA:17,2,1,14
BRDA:17,2,2,13
BRDA:19,3,0,6
BRDA:19,3,1,3
BRDA:20,4,0,4
BRDA:20,4,1,2
BRDA:21,5,0,3
BRDA:21,5,1,0
BRDA:22,6,0,2
BRDA:22,6,1,1
BRF:15
BRH:14
end_of_record
TN:
SF:D:\Projects\React\AndrewMead\expensify-app\src\tests\setupTests.js
FNF:0
FNH:0
DA:4,14
LF:1
LH:1
BRF:0
BRH:0
end_of_record
TN:
SF:D:\Projects\React\AndrewMead\expensify-app\src\tests\fixtures\expenses.js
FNF:0
FNH:0
LF:0
LH:0
BRF:0
BRH:0
end_of_record
